{"/Users/VizzyKaz/Documents/NodeWS/group-social-app/server.js": {"path":"/Users/VizzyKaz/Documents/NodeWS/group-social-app/server.js","statementMap":{"0":{"start":{"line":2,"column":16},"end":{"line":2,"column":34}},"1":{"start":{"line":4,"column":15},"end":{"line":4,"column":24}},"2":{"start":{"line":6,"column":17},"end":{"line":6,"column":36}},"3":{"start":{"line":8,"column":13},"end":{"line":8,"column":28}},"4":{"start":{"line":10,"column":13},"end":{"line":10,"column":28}},"5":{"start":{"line":12,"column":21},"end":{"line":12,"column":45}},"6":{"start":{"line":14,"column":0},"end":{"line":14,"column":27}},"7":{"start":{"line":16,"column":15},"end":{"line":16,"column":43}},"8":{"start":{"line":18,"column":20},"end":{"line":18,"column":61}},"9":{"start":{"line":20,"column":19},"end":{"line":20,"column":59}},"10":{"start":{"line":22,"column":19},"end":{"line":22,"column":59}},"11":{"start":{"line":24,"column":19},"end":{"line":24,"column":59}},"12":{"start":{"line":26,"column":21},"end":{"line":26,"column":69}},"13":{"start":{"line":28,"column":25},"end":{"line":28,"column":72}},"14":{"start":{"line":31,"column":0},"end":{"line":34,"column":3}},"15":{"start":{"line":36,"column":23},"end":{"line":36,"column":31}},"16":{"start":{"line":37,"column":0},"end":{"line":39,"column":3}},"17":{"start":{"line":38,"column":2},"end":{"line":38,"column":31}},"18":{"start":{"line":41,"column":0},"end":{"line":41,"column":27}},"19":{"start":{"line":42,"column":0},"end":{"line":46,"column":2}},"20":{"start":{"line":48,"column":0},"end":{"line":48,"column":19}},"21":{"start":{"line":50,"column":0},"end":{"line":50,"column":27}},"22":{"start":{"line":52,"column":0},"end":{"line":52,"column":67}},"23":{"start":{"line":55,"column":13},"end":{"line":55,"column":37}},"24":{"start":{"line":56,"column":0},"end":{"line":58,"column":3}},"25":{"start":{"line":57,"column":2},"end":{"line":57,"column":48}},"26":{"start":{"line":62,"column":0},"end":{"line":62,"column":39}},"27":{"start":{"line":64,"column":0},"end":{"line":64,"column":36}},"28":{"start":{"line":66,"column":0},"end":{"line":66,"column":36}},"29":{"start":{"line":68,"column":0},"end":{"line":68,"column":40}},"30":{"start":{"line":70,"column":0},"end":{"line":70,"column":37}},"31":{"start":{"line":72,"column":0},"end":{"line":72,"column":48}},"32":{"start":{"line":76,"column":0},"end":{"line":79,"column":3}},"33":{"start":{"line":77,"column":16},"end":{"line":77,"column":66}},"34":{"start":{"line":78,"column":2},"end":{"line":78,"column":22}},"35":{"start":{"line":82,"column":0},"end":{"line":84,"column":3}},"36":{"start":{"line":83,"column":2},"end":{"line":83,"column":18}},"37":{"start":{"line":86,"column":0},"end":{"line":86,"column":24}}},"fnMap":{"0":{"name":"(anonymous_0)","decl":{"start":{"line":37,"column":24},"end":{"line":37,"column":25}},"loc":{"start":{"line":37,"column":30},"end":{"line":39,"column":1}},"line":37},"1":{"name":"(anonymous_1)","decl":{"start":{"line":56,"column":20},"end":{"line":56,"column":21}},"loc":{"start":{"line":56,"column":26},"end":{"line":58,"column":1}},"line":56},"2":{"name":"(anonymous_2)","decl":{"start":{"line":76,"column":16},"end":{"line":76,"column":17}},"loc":{"start":{"line":76,"column":30},"end":{"line":79,"column":1}},"line":76},"3":{"name":"(anonymous_3)","decl":{"start":{"line":82,"column":11},"end":{"line":82,"column":12}},"loc":{"start":{"line":82,"column":26},"end":{"line":84,"column":1}},"line":82}},"branchMap":{"0":{"loc":{"start":{"line":55,"column":13},"end":{"line":55,"column":37}},"type":"binary-expr","locations":[{"start":{"line":55,"column":13},"end":{"line":55,"column":29}},{"start":{"line":55,"column":33},"end":{"line":55,"column":37}}],"line":55}},"s":{"0":1,"1":1,"2":1,"3":1,"4":1,"5":1,"6":1,"7":1,"8":1,"9":1,"10":1,"11":1,"12":1,"13":1,"14":1,"15":1,"16":1,"17":1,"18":1,"19":1,"20":1,"21":1,"22":1,"23":1,"24":1,"25":1,"26":1,"27":1,"28":1,"29":1,"30":1,"31":1,"32":1,"33":1,"34":1,"35":1,"36":0,"37":1},"f":{"0":1,"1":1,"2":1,"3":0},"b":{"0":[1,1]},"_coverageSchema":"1a1c01bbd47fc00a2c39e90264f33305004495a9","hash":"1301ae22e3bbe3cd92ec60a3ec9f9c76fa767197"}
,"/Users/VizzyKaz/Documents/NodeWS/group-social-app/controllers/filterGroups.controller.js": {"path":"/Users/VizzyKaz/Documents/NodeWS/group-social-app/controllers/filterGroups.controller.js","statementMap":{"0":{"start":{"line":1,"column":15},"end":{"line":1,"column":42}},"1":{"start":{"line":2,"column":14},"end":{"line":2,"column":47}},"2":{"start":{"line":3,"column":13},"end":{"line":3,"column":44}},"3":{"start":{"line":7,"column":0},"end":{"line":10,"column":3}},"4":{"start":{"line":8,"column":2},"end":{"line":9,"column":58}},"5":{"start":{"line":9,"column":23},"end":{"line":9,"column":56}},"6":{"start":{"line":13,"column":0},"end":{"line":16,"column":3}},"7":{"start":{"line":14,"column":2},"end":{"line":15,"column":58}},"8":{"start":{"line":15,"column":23},"end":{"line":15,"column":56}},"9":{"start":{"line":19,"column":0},"end":{"line":38,"column":3}},"10":{"start":{"line":20,"column":16},"end":{"line":20,"column":36}},"11":{"start":{"line":21,"column":19},"end":{"line":21,"column":21}},"12":{"start":{"line":23,"column":2},"end":{"line":37,"column":62}},"13":{"start":{"line":25,"column":21},"end":{"line":25,"column":34}},"14":{"start":{"line":26,"column":4},"end":{"line":26,"column":27}},"15":{"start":{"line":27,"column":4},"end":{"line":35,"column":5}},"16":{"start":{"line":27,"column":17},"end":{"line":27,"column":18}},"17":{"start":{"line":28,"column":6},"end":{"line":34,"column":9}},"18":{"start":{"line":30,"column":10},"end":{"line":30,"column":33}},"19":{"start":{"line":31,"column":10},"end":{"line":33,"column":11}},"20":{"start":{"line":32,"column":12},"end":{"line":32,"column":38}},"21":{"start":{"line":37,"column":18},"end":{"line":37,"column":61}},"22":{"start":{"line":41,"column":0},"end":{"line":61,"column":3}},"23":{"start":{"line":42,"column":14},"end":{"line":42,"column":32}},"24":{"start":{"line":43,"column":19},"end":{"line":43,"column":21}},"25":{"start":{"line":45,"column":2},"end":{"line":60,"column":62}},"26":{"start":{"line":47,"column":21},"end":{"line":47,"column":34}},"27":{"start":{"line":48,"column":4},"end":{"line":48,"column":27}},"28":{"start":{"line":49,"column":4},"end":{"line":58,"column":5}},"29":{"start":{"line":49,"column":17},"end":{"line":49,"column":18}},"30":{"start":{"line":50,"column":6},"end":{"line":57,"column":9}},"31":{"start":{"line":52,"column":10},"end":{"line":52,"column":51}},"32":{"start":{"line":53,"column":10},"end":{"line":53,"column":33}},"33":{"start":{"line":54,"column":10},"end":{"line":56,"column":11}},"34":{"start":{"line":55,"column":12},"end":{"line":55,"column":50}},"35":{"start":{"line":60,"column":18},"end":{"line":60,"column":61}},"36":{"start":{"line":64,"column":0},"end":{"line":69,"column":3}},"37":{"start":{"line":65,"column":18},"end":{"line":65,"column":36}},"38":{"start":{"line":66,"column":2},"end":{"line":68,"column":70}},"39":{"start":{"line":67,"column":22},"end":{"line":67,"column":43}},"40":{"start":{"line":68,"column":17},"end":{"line":68,"column":69}},"41":{"start":{"line":72,"column":0},"end":{"line":76,"column":3}},"42":{"start":{"line":73,"column":2},"end":{"line":75,"column":63}},"43":{"start":{"line":74,"column":22},"end":{"line":74,"column":43}},"44":{"start":{"line":75,"column":17},"end":{"line":75,"column":62}},"45":{"start":{"line":79,"column":0},"end":{"line":83,"column":3}},"46":{"start":{"line":80,"column":2},"end":{"line":82,"column":63}},"47":{"start":{"line":81,"column":22},"end":{"line":81,"column":43}},"48":{"start":{"line":82,"column":17},"end":{"line":82,"column":62}},"49":{"start":{"line":85,"column":0},"end":{"line":85,"column":24}}},"fnMap":{"0":{"name":"(anonymous_0)","decl":{"start":{"line":7,"column":25},"end":{"line":7,"column":26}},"loc":{"start":{"line":7,"column":54},"end":{"line":10,"column":1}},"line":7},"1":{"name":"(anonymous_1)","decl":{"start":{"line":9,"column":10},"end":{"line":9,"column":11}},"loc":{"start":{"line":9,"column":23},"end":{"line":9,"column":56}},"line":9},"2":{"name":"(anonymous_2)","decl":{"start":{"line":13,"column":28},"end":{"line":13,"column":29}},"loc":{"start":{"line":13,"column":57},"end":{"line":16,"column":1}},"line":13},"3":{"name":"(anonymous_3)","decl":{"start":{"line":15,"column":10},"end":{"line":15,"column":11}},"loc":{"start":{"line":15,"column":23},"end":{"line":15,"column":56}},"line":15},"4":{"name":"(anonymous_4)","decl":{"start":{"line":19,"column":35},"end":{"line":19,"column":36}},"loc":{"start":{"line":19,"column":64},"end":{"line":38,"column":1}},"line":19},"5":{"name":"(anonymous_5)","decl":{"start":{"line":24,"column":10},"end":{"line":24,"column":11}},"loc":{"start":{"line":24,"column":20},"end":{"line":36,"column":3}},"line":24},"6":{"name":"(anonymous_6)","decl":{"start":{"line":29,"column":14},"end":{"line":29,"column":15}},"loc":{"start":{"line":29,"column":25},"end":{"line":34,"column":7}},"line":29},"7":{"name":"(anonymous_7)","decl":{"start":{"line":37,"column":9},"end":{"line":37,"column":10}},"loc":{"start":{"line":37,"column":18},"end":{"line":37,"column":61}},"line":37},"8":{"name":"(anonymous_8)","decl":{"start":{"line":41,"column":38},"end":{"line":41,"column":39}},"loc":{"start":{"line":41,"column":67},"end":{"line":61,"column":1}},"line":41},"9":{"name":"(anonymous_9)","decl":{"start":{"line":46,"column":10},"end":{"line":46,"column":11}},"loc":{"start":{"line":46,"column":26},"end":{"line":59,"column":3}},"line":46},"10":{"name":"(anonymous_10)","decl":{"start":{"line":51,"column":14},"end":{"line":51,"column":15}},"loc":{"start":{"line":51,"column":25},"end":{"line":57,"column":7}},"line":51},"11":{"name":"(anonymous_11)","decl":{"start":{"line":60,"column":9},"end":{"line":60,"column":10}},"loc":{"start":{"line":60,"column":18},"end":{"line":60,"column":61}},"line":60},"12":{"name":"(anonymous_12)","decl":{"start":{"line":64,"column":31},"end":{"line":64,"column":32}},"loc":{"start":{"line":64,"column":60},"end":{"line":69,"column":1}},"line":64},"13":{"name":"(anonymous_13)","decl":{"start":{"line":67,"column":10},"end":{"line":67,"column":11}},"loc":{"start":{"line":67,"column":22},"end":{"line":67,"column":43}},"line":67},"14":{"name":"(anonymous_14)","decl":{"start":{"line":68,"column":11},"end":{"line":68,"column":12}},"loc":{"start":{"line":68,"column":17},"end":{"line":68,"column":69}},"line":68},"15":{"name":"(anonymous_15)","decl":{"start":{"line":72,"column":31},"end":{"line":72,"column":32}},"loc":{"start":{"line":72,"column":60},"end":{"line":76,"column":1}},"line":72},"16":{"name":"(anonymous_16)","decl":{"start":{"line":74,"column":10},"end":{"line":74,"column":11}},"loc":{"start":{"line":74,"column":22},"end":{"line":74,"column":43}},"line":74},"17":{"name":"(anonymous_17)","decl":{"start":{"line":75,"column":11},"end":{"line":75,"column":12}},"loc":{"start":{"line":75,"column":17},"end":{"line":75,"column":62}},"line":75},"18":{"name":"(anonymous_18)","decl":{"start":{"line":79,"column":31},"end":{"line":79,"column":32}},"loc":{"start":{"line":79,"column":60},"end":{"line":83,"column":1}},"line":79},"19":{"name":"(anonymous_19)","decl":{"start":{"line":81,"column":10},"end":{"line":81,"column":11}},"loc":{"start":{"line":81,"column":22},"end":{"line":81,"column":43}},"line":81},"20":{"name":"(anonymous_20)","decl":{"start":{"line":82,"column":11},"end":{"line":82,"column":12}},"loc":{"start":{"line":82,"column":17},"end":{"line":82,"column":62}},"line":82}},"branchMap":{"0":{"loc":{"start":{"line":31,"column":10},"end":{"line":33,"column":11}},"type":"if","locations":[{"start":{"line":31,"column":10},"end":{"line":33,"column":11}},{"start":{},"end":{}}],"line":31},"1":{"loc":{"start":{"line":54,"column":10},"end":{"line":56,"column":11}},"type":"if","locations":[{"start":{"line":54,"column":10},"end":{"line":56,"column":11}},{"start":{},"end":{}}],"line":54}},"s":{"0":1,"1":1,"2":1,"3":1,"4":1,"5":1,"6":1,"7":1,"8":1,"9":1,"10":1,"11":1,"12":1,"13":1,"14":1,"15":1,"16":1,"17":1,"18":1,"19":1,"20":1,"21":0,"22":1,"23":2,"24":2,"25":2,"26":1,"27":1,"28":1,"29":1,"30":3,"31":3,"32":3,"33":3,"34":1,"35":1,"36":1,"37":1,"38":1,"39":1,"40":0,"41":1,"42":0,"43":0,"44":0,"45":1,"46":0,"47":0,"48":0,"49":1},"f":{"0":1,"1":1,"2":1,"3":1,"4":1,"5":1,"6":1,"7":0,"8":2,"9":1,"10":3,"11":1,"12":1,"13":1,"14":0,"15":0,"16":0,"17":0,"18":0,"19":0,"20":0},"b":{"0":[1,0],"1":[1,2]},"_coverageSchema":"1a1c01bbd47fc00a2c39e90264f33305004495a9","hash":"f8ba6991a53eb8ccb90e6030a56383236ff0714d"}
,"/Users/VizzyKaz/Documents/NodeWS/group-social-app/controllers/filterPosts.controller.js": {"path":"/Users/VizzyKaz/Documents/NodeWS/group-social-app/controllers/filterPosts.controller.js","statementMap":{"0":{"start":{"line":1,"column":15},"end":{"line":1,"column":42}},"1":{"start":{"line":2,"column":14},"end":{"line":2,"column":47}},"2":{"start":{"line":3,"column":14},"end":{"line":3,"column":45}},"3":{"start":{"line":7,"column":0},"end":{"line":25,"column":3}},"4":{"start":{"line":8,"column":18},"end":{"line":8,"column":40}},"5":{"start":{"line":9,"column":14},"end":{"line":9,"column":16}},"6":{"start":{"line":10,"column":2},"end":{"line":24,"column":64}},"7":{"start":{"line":12,"column":20},"end":{"line":12,"column":34}},"8":{"start":{"line":13,"column":6},"end":{"line":22,"column":9}},"9":{"start":{"line":13,"column":16},"end":{"line":13,"column":17}},"10":{"start":{"line":14,"column":8},"end":{"line":21,"column":49}},"11":{"start":{"line":16,"column":12},"end":{"line":16,"column":29}},"12":{"start":{"line":17,"column":12},"end":{"line":19,"column":13}},"13":{"start":{"line":18,"column":14},"end":{"line":18,"column":35}},"14":{"start":{"line":21,"column":29},"end":{"line":21,"column":47}},"15":{"start":{"line":24,"column":20},"end":{"line":24,"column":63}},"16":{"start":{"line":28,"column":0},"end":{"line":48,"column":5}},"17":{"start":{"line":29,"column":22},"end":{"line":29,"column":46}},"18":{"start":{"line":30,"column":16},"end":{"line":30,"column":18}},"19":{"start":{"line":31,"column":4},"end":{"line":47,"column":67}},"20":{"start":{"line":33,"column":20},"end":{"line":33,"column":34}},"21":{"start":{"line":34,"column":6},"end":{"line":34,"column":26}},"22":{"start":{"line":35,"column":6},"end":{"line":45,"column":7}},"23":{"start":{"line":35,"column":19},"end":{"line":35,"column":20}},"24":{"start":{"line":36,"column":8},"end":{"line":44,"column":47}},"25":{"start":{"line":38,"column":12},"end":{"line":38,"column":30}},"26":{"start":{"line":39,"column":12},"end":{"line":39,"column":29}},"27":{"start":{"line":40,"column":12},"end":{"line":42,"column":13}},"28":{"start":{"line":41,"column":14},"end":{"line":41,"column":35}},"29":{"start":{"line":44,"column":27},"end":{"line":44,"column":45}},"30":{"start":{"line":47,"column":21},"end":{"line":47,"column":65}},"31":{"start":{"line":52,"column":0},"end":{"line":57,"column":3}},"32":{"start":{"line":53,"column":18},"end":{"line":53,"column":36}},"33":{"start":{"line":54,"column":2},"end":{"line":56,"column":69}},"34":{"start":{"line":55,"column":21},"end":{"line":55,"column":41}},"35":{"start":{"line":56,"column":17},"end":{"line":56,"column":68}},"36":{"start":{"line":60,"column":0},"end":{"line":60,"column":24}}},"fnMap":{"0":{"name":"(anonymous_0)","decl":{"start":{"line":7,"column":45},"end":{"line":7,"column":46}},"loc":{"start":{"line":7,"column":74},"end":{"line":25,"column":1}},"line":7},"1":{"name":"(anonymous_1)","decl":{"start":{"line":11,"column":8},"end":{"line":11,"column":9}},"loc":{"start":{"line":11,"column":25},"end":{"line":23,"column":5}},"line":11},"2":{"name":"(anonymous_2)","decl":{"start":{"line":15,"column":16},"end":{"line":15,"column":17}},"loc":{"start":{"line":15,"column":26},"end":{"line":20,"column":11}},"line":15},"3":{"name":"(anonymous_3)","decl":{"start":{"line":21,"column":17},"end":{"line":21,"column":18}},"loc":{"start":{"line":21,"column":29},"end":{"line":21,"column":47}},"line":21},"4":{"name":"(anonymous_4)","decl":{"start":{"line":24,"column":11},"end":{"line":24,"column":12}},"loc":{"start":{"line":24,"column":20},"end":{"line":24,"column":63}},"line":24},"5":{"name":"(anonymous_5)","decl":{"start":{"line":28,"column":49},"end":{"line":28,"column":50}},"loc":{"start":{"line":28,"column":78},"end":{"line":48,"column":3}},"line":28},"6":{"name":"(anonymous_6)","decl":{"start":{"line":32,"column":12},"end":{"line":32,"column":13}},"loc":{"start":{"line":32,"column":23},"end":{"line":46,"column":5}},"line":32},"7":{"name":"(anonymous_7)","decl":{"start":{"line":37,"column":16},"end":{"line":37,"column":17}},"loc":{"start":{"line":37,"column":26},"end":{"line":43,"column":9}},"line":37},"8":{"name":"(anonymous_8)","decl":{"start":{"line":44,"column":15},"end":{"line":44,"column":16}},"loc":{"start":{"line":44,"column":27},"end":{"line":44,"column":45}},"line":44},"9":{"name":"(anonymous_9)","decl":{"start":{"line":47,"column":11},"end":{"line":47,"column":12}},"loc":{"start":{"line":47,"column":21},"end":{"line":47,"column":65}},"line":47},"10":{"name":"(anonymous_10)","decl":{"start":{"line":52,"column":35},"end":{"line":52,"column":36}},"loc":{"start":{"line":52,"column":64},"end":{"line":57,"column":1}},"line":52},"11":{"name":"(anonymous_11)","decl":{"start":{"line":55,"column":10},"end":{"line":55,"column":11}},"loc":{"start":{"line":55,"column":21},"end":{"line":55,"column":41}},"line":55},"12":{"name":"(anonymous_12)","decl":{"start":{"line":56,"column":11},"end":{"line":56,"column":12}},"loc":{"start":{"line":56,"column":17},"end":{"line":56,"column":68}},"line":56}},"branchMap":{"0":{"loc":{"start":{"line":17,"column":12},"end":{"line":19,"column":13}},"type":"if","locations":[{"start":{"line":17,"column":12},"end":{"line":19,"column":13}},{"start":{},"end":{}}],"line":17},"1":{"loc":{"start":{"line":40,"column":12},"end":{"line":42,"column":13}},"type":"if","locations":[{"start":{"line":40,"column":12},"end":{"line":42,"column":13}},{"start":{},"end":{}}],"line":40}},"s":{"0":1,"1":1,"2":1,"3":1,"4":2,"5":2,"6":2,"7":1,"8":1,"9":1,"10":40,"11":40,"12":40,"13":1,"14":0,"15":1,"16":1,"17":2,"18":2,"19":2,"20":2,"21":1,"22":1,"23":1,"24":40,"25":40,"26":40,"27":40,"28":1,"29":0,"30":1,"31":1,"32":1,"33":1,"34":1,"35":0,"36":1},"f":{"0":2,"1":1,"2":40,"3":0,"4":1,"5":2,"6":2,"7":40,"8":0,"9":1,"10":1,"11":1,"12":0},"b":{"0":[1,39],"1":[1,39]},"_coverageSchema":"1a1c01bbd47fc00a2c39e90264f33305004495a9","hash":"4d6fadc567b8a9a922eedbb7291c81718623b4ad"}
,"/Users/VizzyKaz/Documents/NodeWS/group-social-app/controllers/group.controller.js": {"path":"/Users/VizzyKaz/Documents/NodeWS/group-social-app/controllers/group.controller.js","statementMap":{"0":{"start":{"line":1,"column":15},"end":{"line":1,"column":42}},"1":{"start":{"line":2,"column":14},"end":{"line":2,"column":47}},"2":{"start":{"line":3,"column":13},"end":{"line":3,"column":44}},"3":{"start":{"line":7,"column":0},"end":{"line":46,"column":3}},"4":{"start":{"line":8,"column":23},"end":{"line":8,"column":45}},"5":{"start":{"line":9,"column":23},"end":{"line":9,"column":47}},"6":{"start":{"line":10,"column":26},"end":{"line":10,"column":56}},"7":{"start":{"line":11,"column":23},"end":{"line":11,"column":40}},"8":{"start":{"line":13,"column":24},"end":{"line":13,"column":46}},"9":{"start":{"line":15,"column":21},"end":{"line":15,"column":69}},"10":{"start":{"line":17,"column":20},"end":{"line":17,"column":54}},"11":{"start":{"line":19,"column":2},"end":{"line":45,"column":3}},"12":{"start":{"line":20,"column":4},"end":{"line":20,"column":89}},"13":{"start":{"line":22,"column":21},"end":{"line":33,"column":5}},"14":{"start":{"line":35,"column":24},"end":{"line":35,"column":43}},"15":{"start":{"line":37,"column":4},"end":{"line":44,"column":88}},"16":{"start":{"line":39,"column":8},"end":{"line":39,"column":48}},"17":{"start":{"line":40,"column":8},"end":{"line":40,"column":77}},"18":{"start":{"line":41,"column":8},"end":{"line":41,"column":26}},"19":{"start":{"line":42,"column":8},"end":{"line":42,"column":28}},"20":{"start":{"line":44,"column":22},"end":{"line":44,"column":86}},"21":{"start":{"line":342,"column":0},"end":{"line":347,"column":3}},"22":{"start":{"line":343,"column":16},"end":{"line":343,"column":36}},"23":{"start":{"line":344,"column":2},"end":{"line":346,"column":69}},"24":{"start":{"line":345,"column":21},"end":{"line":345,"column":41}},"25":{"start":{"line":346,"column":17},"end":{"line":346,"column":68}},"26":{"start":{"line":351,"column":0},"end":{"line":357,"column":3}},"27":{"start":{"line":352,"column":2},"end":{"line":352,"column":37}},"28":{"start":{"line":353,"column":18},"end":{"line":353,"column":36}},"29":{"start":{"line":354,"column":2},"end":{"line":356,"column":69}},"30":{"start":{"line":355,"column":21},"end":{"line":355,"column":41}},"31":{"start":{"line":356,"column":17},"end":{"line":356,"column":68}},"32":{"start":{"line":361,"column":0},"end":{"line":361,"column":24}}},"fnMap":{"0":{"name":"(anonymous_0)","decl":{"start":{"line":7,"column":29},"end":{"line":7,"column":30}},"loc":{"start":{"line":7,"column":58},"end":{"line":46,"column":1}},"line":7},"1":{"name":"(anonymous_1)","decl":{"start":{"line":38,"column":12},"end":{"line":38,"column":13}},"loc":{"start":{"line":38,"column":29},"end":{"line":43,"column":7}},"line":38},"2":{"name":"(anonymous_2)","decl":{"start":{"line":44,"column":13},"end":{"line":44,"column":14}},"loc":{"start":{"line":44,"column":22},"end":{"line":44,"column":86}},"line":44},"3":{"name":"(anonymous_3)","decl":{"start":{"line":342,"column":37},"end":{"line":342,"column":38}},"loc":{"start":{"line":342,"column":66},"end":{"line":347,"column":1}},"line":342},"4":{"name":"(anonymous_4)","decl":{"start":{"line":345,"column":10},"end":{"line":345,"column":11}},"loc":{"start":{"line":345,"column":21},"end":{"line":345,"column":41}},"line":345},"5":{"name":"(anonymous_5)","decl":{"start":{"line":346,"column":11},"end":{"line":346,"column":12}},"loc":{"start":{"line":346,"column":17},"end":{"line":346,"column":68}},"line":346},"6":{"name":"(anonymous_6)","decl":{"start":{"line":351,"column":39},"end":{"line":351,"column":40}},"loc":{"start":{"line":351,"column":68},"end":{"line":357,"column":1}},"line":351},"7":{"name":"(anonymous_7)","decl":{"start":{"line":355,"column":10},"end":{"line":355,"column":11}},"loc":{"start":{"line":355,"column":21},"end":{"line":355,"column":41}},"line":355},"8":{"name":"(anonymous_8)","decl":{"start":{"line":356,"column":11},"end":{"line":356,"column":12}},"loc":{"start":{"line":356,"column":17},"end":{"line":356,"column":68}},"line":356}},"branchMap":{"0":{"loc":{"start":{"line":19,"column":2},"end":{"line":45,"column":3}},"type":"if","locations":[{"start":{"line":19,"column":2},"end":{"line":45,"column":3}},{"start":{"line":21,"column":9},"end":{"line":45,"column":3}}],"line":19}},"s":{"0":1,"1":1,"2":1,"3":1,"4":1,"5":1,"6":1,"7":1,"8":1,"9":1,"10":1,"11":1,"12":0,"13":1,"14":1,"15":1,"16":1,"17":1,"18":1,"19":1,"20":0,"21":1,"22":1,"23":1,"24":1,"25":0,"26":1,"27":1,"28":1,"29":1,"30":1,"31":0,"32":1},"f":{"0":1,"1":1,"2":0,"3":1,"4":1,"5":0,"6":1,"7":1,"8":0},"b":{"0":[0,1]},"_coverageSchema":"1a1c01bbd47fc00a2c39e90264f33305004495a9","hash":"22018b79e364a0a594be00024947b0b4feee7a9c"}
,"/Users/VizzyKaz/Documents/NodeWS/group-social-app/controllers/post.controller.js": {"path":"/Users/VizzyKaz/Documents/NodeWS/group-social-app/controllers/post.controller.js","statementMap":{"0":{"start":{"line":1,"column":15},"end":{"line":1,"column":42}},"1":{"start":{"line":2,"column":14},"end":{"line":2,"column":45}},"2":{"start":{"line":3,"column":16},"end":{"line":3,"column":49}},"3":{"start":{"line":4,"column":16},"end":{"line":4,"column":50}},"4":{"start":{"line":8,"column":0},"end":{"line":47,"column":5}},"5":{"start":{"line":9,"column":25},"end":{"line":9,"column":47}},"6":{"start":{"line":10,"column":27},"end":{"line":10,"column":51}},"7":{"start":{"line":11,"column":25},"end":{"line":11,"column":47}},"8":{"start":{"line":12,"column":21},"end":{"line":12,"column":39}},"9":{"start":{"line":13,"column":23},"end":{"line":13,"column":43}},"10":{"start":{"line":14,"column":24},"end":{"line":14,"column":45}},"11":{"start":{"line":15,"column":25},"end":{"line":15,"column":47}},"12":{"start":{"line":16,"column":24},"end":{"line":16,"column":45}},"13":{"start":{"line":17,"column":27},"end":{"line":17,"column":51}},"14":{"start":{"line":18,"column":30},"end":{"line":18,"column":57}},"15":{"start":{"line":19,"column":22},"end":{"line":19,"column":41}},"16":{"start":{"line":20,"column":24},"end":{"line":20,"column":68}},"17":{"start":{"line":22,"column":20},"end":{"line":35,"column":5}},"18":{"start":{"line":36,"column":23},"end":{"line":36,"column":41}},"19":{"start":{"line":37,"column":4},"end":{"line":46,"column":88}},"20":{"start":{"line":39,"column":8},"end":{"line":39,"column":44}},"21":{"start":{"line":40,"column":8},"end":{"line":40,"column":32}},"22":{"start":{"line":41,"column":8},"end":{"line":41,"column":80}},"23":{"start":{"line":42,"column":8},"end":{"line":42,"column":39}},"24":{"start":{"line":43,"column":8},"end":{"line":43,"column":26}},"25":{"start":{"line":46,"column":22},"end":{"line":46,"column":86}},"26":{"start":{"line":50,"column":0},"end":{"line":56,"column":3}},"27":{"start":{"line":51,"column":2},"end":{"line":51,"column":36}},"28":{"start":{"line":52,"column":17},"end":{"line":52,"column":35}},"29":{"start":{"line":53,"column":2},"end":{"line":55,"column":69}},"30":{"start":{"line":54,"column":20},"end":{"line":54,"column":39}},"31":{"start":{"line":55,"column":17},"end":{"line":55,"column":68}},"32":{"start":{"line":60,"column":0},"end":{"line":72,"column":3}},"33":{"start":{"line":61,"column":17},"end":{"line":61,"column":38}},"34":{"start":{"line":62,"column":18},"end":{"line":62,"column":40}},"35":{"start":{"line":63,"column":17},"end":{"line":63,"column":38}},"36":{"start":{"line":65,"column":2},"end":{"line":65,"column":49}},"37":{"start":{"line":66,"column":23},"end":{"line":66,"column":51}},"38":{"start":{"line":67,"column":2},"end":{"line":67,"column":32}},"39":{"start":{"line":68,"column":2},"end":{"line":68,"column":34}},"40":{"start":{"line":69,"column":2},"end":{"line":69,"column":30}},"41":{"start":{"line":70,"column":2},"end":{"line":70,"column":54}},"42":{"start":{"line":95,"column":0},"end":{"line":102,"column":3}},"43":{"start":{"line":96,"column":2},"end":{"line":96,"column":39}},"44":{"start":{"line":97,"column":17},"end":{"line":97,"column":35}},"45":{"start":{"line":98,"column":20},"end":{"line":98,"column":38}},"46":{"start":{"line":99,"column":2},"end":{"line":101,"column":71}},"47":{"start":{"line":100,"column":23},"end":{"line":100,"column":45}},"48":{"start":{"line":101,"column":17},"end":{"line":101,"column":70}},"49":{"start":{"line":105,"column":0},"end":{"line":111,"column":3}},"50":{"start":{"line":106,"column":2},"end":{"line":106,"column":48}},"51":{"start":{"line":107,"column":17},"end":{"line":107,"column":35}},"52":{"start":{"line":108,"column":2},"end":{"line":110,"column":72}},"53":{"start":{"line":109,"column":23},"end":{"line":109,"column":45}},"54":{"start":{"line":110,"column":17},"end":{"line":110,"column":71}},"55":{"start":{"line":115,"column":0},"end":{"line":131,"column":3}},"56":{"start":{"line":116,"column":2},"end":{"line":116,"column":42}},"57":{"start":{"line":117,"column":17},"end":{"line":117,"column":36}},"58":{"start":{"line":118,"column":17},"end":{"line":118,"column":36}},"59":{"start":{"line":119,"column":25},"end":{"line":119,"column":45}},"60":{"start":{"line":120,"column":21},"end":{"line":124,"column":3}},"61":{"start":{"line":125,"column":24},"end":{"line":125,"column":47}},"62":{"start":{"line":126,"column":2},"end":{"line":130,"column":80}},"63":{"start":{"line":128,"column":6},"end":{"line":128,"column":40}},"64":{"start":{"line":130,"column":20},"end":{"line":130,"column":78}},"65":{"start":{"line":135,"column":0},"end":{"line":146,"column":2}},"66":{"start":{"line":136,"column":2},"end":{"line":136,"column":37}},"67":{"start":{"line":137,"column":20},"end":{"line":137,"column":42}},"68":{"start":{"line":138,"column":25},"end":{"line":138,"column":45}},"69":{"start":{"line":139,"column":21},"end":{"line":141,"column":3}},"70":{"start":{"line":142,"column":26},"end":{"line":142,"column":59}},"71":{"start":{"line":143,"column":2},"end":{"line":143,"column":57}},"72":{"start":{"line":144,"column":2},"end":{"line":144,"column":45}},"73":{"start":{"line":150,"column":0},"end":{"line":156,"column":3}},"74":{"start":{"line":151,"column":2},"end":{"line":151,"column":39}},"75":{"start":{"line":152,"column":20},"end":{"line":152,"column":44}},"76":{"start":{"line":153,"column":2},"end":{"line":153,"column":45}},"77":{"start":{"line":154,"column":2},"end":{"line":154,"column":52}},"78":{"start":{"line":158,"column":0},"end":{"line":163,"column":3}},"79":{"start":{"line":159,"column":17},"end":{"line":159,"column":34}},"80":{"start":{"line":160,"column":2},"end":{"line":162,"column":63}},"81":{"start":{"line":161,"column":19},"end":{"line":161,"column":37}},"82":{"start":{"line":162,"column":17},"end":{"line":162,"column":61}},"83":{"start":{"line":166,"column":0},"end":{"line":166,"column":24}}},"fnMap":{"0":{"name":"(anonymous_0)","decl":{"start":{"line":8,"column":29},"end":{"line":8,"column":30}},"loc":{"start":{"line":8,"column":58},"end":{"line":47,"column":3}},"line":8},"1":{"name":"(anonymous_1)","decl":{"start":{"line":38,"column":12},"end":{"line":38,"column":13}},"loc":{"start":{"line":38,"column":28},"end":{"line":45,"column":7}},"line":38},"2":{"name":"(anonymous_2)","decl":{"start":{"line":46,"column":13},"end":{"line":46,"column":14}},"loc":{"start":{"line":46,"column":22},"end":{"line":46,"column":86}},"line":46},"3":{"name":"(anonymous_3)","decl":{"start":{"line":50,"column":38},"end":{"line":50,"column":39}},"loc":{"start":{"line":50,"column":67},"end":{"line":56,"column":1}},"line":50},"4":{"name":"(anonymous_4)","decl":{"start":{"line":54,"column":10},"end":{"line":54,"column":11}},"loc":{"start":{"line":54,"column":20},"end":{"line":54,"column":39}},"line":54},"5":{"name":"(anonymous_5)","decl":{"start":{"line":55,"column":11},"end":{"line":55,"column":12}},"loc":{"start":{"line":55,"column":17},"end":{"line":55,"column":68}},"line":55},"6":{"name":"(anonymous_6)","decl":{"start":{"line":60,"column":45},"end":{"line":60,"column":46}},"loc":{"start":{"line":60,"column":74},"end":{"line":72,"column":1}},"line":60},"7":{"name":"(anonymous_7)","decl":{"start":{"line":95,"column":40},"end":{"line":95,"column":41}},"loc":{"start":{"line":95,"column":69},"end":{"line":102,"column":1}},"line":95},"8":{"name":"(anonymous_8)","decl":{"start":{"line":100,"column":10},"end":{"line":100,"column":11}},"loc":{"start":{"line":100,"column":23},"end":{"line":100,"column":45}},"line":100},"9":{"name":"(anonymous_9)","decl":{"start":{"line":101,"column":11},"end":{"line":101,"column":12}},"loc":{"start":{"line":101,"column":17},"end":{"line":101,"column":70}},"line":101},"10":{"name":"(anonymous_10)","decl":{"start":{"line":105,"column":30},"end":{"line":105,"column":31}},"loc":{"start":{"line":105,"column":59},"end":{"line":111,"column":1}},"line":105},"11":{"name":"(anonymous_11)","decl":{"start":{"line":109,"column":10},"end":{"line":109,"column":11}},"loc":{"start":{"line":109,"column":23},"end":{"line":109,"column":45}},"line":109},"12":{"name":"(anonymous_12)","decl":{"start":{"line":110,"column":11},"end":{"line":110,"column":12}},"loc":{"start":{"line":110,"column":17},"end":{"line":110,"column":71}},"line":110},"13":{"name":"(anonymous_13)","decl":{"start":{"line":115,"column":31},"end":{"line":115,"column":32}},"loc":{"start":{"line":115,"column":60},"end":{"line":131,"column":1}},"line":115},"14":{"name":"(anonymous_14)","decl":{"start":{"line":127,"column":10},"end":{"line":127,"column":11}},"loc":{"start":{"line":127,"column":29},"end":{"line":129,"column":5}},"line":127},"15":{"name":"(anonymous_15)","decl":{"start":{"line":130,"column":11},"end":{"line":130,"column":12}},"loc":{"start":{"line":130,"column":20},"end":{"line":130,"column":78}},"line":130},"16":{"name":"(anonymous_16)","decl":{"start":{"line":135,"column":29},"end":{"line":135,"column":30}},"loc":{"start":{"line":135,"column":58},"end":{"line":146,"column":1}},"line":135},"17":{"name":"(anonymous_17)","decl":{"start":{"line":150,"column":44},"end":{"line":150,"column":45}},"loc":{"start":{"line":150,"column":73},"end":{"line":156,"column":1}},"line":150},"18":{"name":"(anonymous_18)","decl":{"start":{"line":158,"column":24},"end":{"line":158,"column":25}},"loc":{"start":{"line":158,"column":47},"end":{"line":163,"column":1}},"line":158},"19":{"name":"(anonymous_19)","decl":{"start":{"line":161,"column":10},"end":{"line":161,"column":11}},"loc":{"start":{"line":161,"column":19},"end":{"line":161,"column":37}},"line":161},"20":{"name":"(anonymous_20)","decl":{"start":{"line":162,"column":11},"end":{"line":162,"column":12}},"loc":{"start":{"line":162,"column":17},"end":{"line":162,"column":61}},"line":162}},"branchMap":{},"s":{"0":1,"1":1,"2":1,"3":1,"4":1,"5":1,"6":1,"7":1,"8":1,"9":1,"10":1,"11":1,"12":1,"13":1,"14":1,"15":1,"16":1,"17":1,"18":1,"19":1,"20":1,"21":1,"22":1,"23":1,"24":1,"25":0,"26":1,"27":2,"28":2,"29":2,"30":1,"31":1,"32":1,"33":1,"34":1,"35":1,"36":1,"37":1,"38":1,"39":1,"40":1,"41":1,"42":1,"43":2,"44":2,"45":2,"46":2,"47":1,"48":1,"49":1,"50":1,"51":1,"52":1,"53":1,"54":0,"55":1,"56":2,"57":2,"58":2,"59":2,"60":2,"61":2,"62":2,"63":1,"64":1,"65":1,"66":1,"67":1,"68":1,"69":1,"70":1,"71":1,"72":1,"73":1,"74":1,"75":1,"76":1,"77":1,"78":1,"79":0,"80":0,"81":0,"82":0,"83":1},"f":{"0":1,"1":1,"2":0,"3":2,"4":1,"5":1,"6":1,"7":2,"8":1,"9":1,"10":1,"11":1,"12":0,"13":2,"14":1,"15":1,"16":1,"17":1,"18":0,"19":0,"20":0},"b":{},"_coverageSchema":"1a1c01bbd47fc00a2c39e90264f33305004495a9","hash":"f6bc3f35b31b9f3add48e56f4e72b94cee52f329"}
,"/Users/VizzyKaz/Documents/NodeWS/group-social-app/controllers/user.controller.js": {"path":"/Users/VizzyKaz/Documents/NodeWS/group-social-app/controllers/user.controller.js","statementMap":{"0":{"start":{"line":1,"column":15},"end":{"line":1,"column":42}},"1":{"start":{"line":2,"column":13},"end":{"line":2,"column":44}},"2":{"start":{"line":3,"column":13},"end":{"line":3,"column":44}},"3":{"start":{"line":4,"column":15},"end":{"line":4,"column":48}},"4":{"start":{"line":7,"column":0},"end":{"line":22,"column":3}},"5":{"start":{"line":8,"column":2},"end":{"line":8,"column":35}},"6":{"start":{"line":9,"column":18},"end":{"line":9,"column":40}},"7":{"start":{"line":10,"column":23},"end":{"line":10,"column":35}},"8":{"start":{"line":12,"column":20},"end":{"line":12,"column":64}},"9":{"start":{"line":14,"column":2},"end":{"line":21,"column":3}},"10":{"start":{"line":15,"column":4},"end":{"line":15,"column":65}},"11":{"start":{"line":17,"column":4},"end":{"line":17,"column":43}},"12":{"start":{"line":18,"column":4},"end":{"line":20,"column":79}},"13":{"start":{"line":19,"column":22},"end":{"line":19,"column":53}},"14":{"start":{"line":20,"column":19},"end":{"line":20,"column":77}},"15":{"start":{"line":24,"column":0},"end":{"line":29,"column":3}},"16":{"start":{"line":25,"column":17},"end":{"line":25,"column":34}},"17":{"start":{"line":26,"column":2},"end":{"line":28,"column":62}},"18":{"start":{"line":27,"column":20},"end":{"line":27,"column":39}},"19":{"start":{"line":28,"column":17},"end":{"line":28,"column":60}},"20":{"start":{"line":31,"column":0},"end":{"line":43,"column":3}},"21":{"start":{"line":32,"column":17},"end":{"line":32,"column":34}},"22":{"start":{"line":34,"column":18},"end":{"line":34,"column":45}},"23":{"start":{"line":35,"column":2},"end":{"line":35,"column":31}},"24":{"start":{"line":36,"column":2},"end":{"line":36,"column":42}},"25":{"start":{"line":37,"column":2},"end":{"line":37,"column":36}},"26":{"start":{"line":38,"column":2},"end":{"line":38,"column":42}},"27":{"start":{"line":40,"column":2},"end":{"line":42,"column":62}},"28":{"start":{"line":41,"column":21},"end":{"line":41,"column":40}},"29":{"start":{"line":42,"column":17},"end":{"line":42,"column":60}},"30":{"start":{"line":45,"column":0},"end":{"line":71,"column":3}},"31":{"start":{"line":46,"column":2},"end":{"line":46,"column":38}},"32":{"start":{"line":47,"column":16},"end":{"line":47,"column":36}},"33":{"start":{"line":48,"column":16},"end":{"line":48,"column":34}},"34":{"start":{"line":49,"column":20},"end":{"line":49,"column":62}},"35":{"start":{"line":51,"column":24},"end":{"line":51,"column":57}},"36":{"start":{"line":52,"column":2},"end":{"line":70,"column":3}},"37":{"start":{"line":53,"column":4},"end":{"line":53,"column":34}},"38":{"start":{"line":54,"column":21},"end":{"line":54,"column":60}},"39":{"start":{"line":55,"column":4},"end":{"line":55,"column":26}},"40":{"start":{"line":56,"column":23},"end":{"line":56,"column":72}},"41":{"start":{"line":57,"column":4},"end":{"line":59,"column":5}},"42":{"start":{"line":58,"column":6},"end":{"line":58,"column":49}},"43":{"start":{"line":60,"column":4},"end":{"line":60,"column":74}},"44":{"start":{"line":61,"column":4},"end":{"line":67,"column":8}},"45":{"start":{"line":63,"column":8},"end":{"line":63,"column":27}},"46":{"start":{"line":66,"column":8},"end":{"line":66,"column":65}},"47":{"start":{"line":69,"column":4},"end":{"line":69,"column":56}},"48":{"start":{"line":73,"column":0},"end":{"line":92,"column":3}},"49":{"start":{"line":74,"column":2},"end":{"line":74,"column":38}},"50":{"start":{"line":75,"column":16},"end":{"line":75,"column":36}},"51":{"start":{"line":76,"column":16},"end":{"line":76,"column":34}},"52":{"start":{"line":78,"column":19},"end":{"line":78,"column":58}},"53":{"start":{"line":79,"column":2},"end":{"line":79,"column":24}},"54":{"start":{"line":80,"column":21},"end":{"line":80,"column":56}},"55":{"start":{"line":81,"column":2},"end":{"line":83,"column":3}},"56":{"start":{"line":82,"column":4},"end":{"line":82,"column":47}},"57":{"start":{"line":85,"column":2},"end":{"line":91,"column":4}},"58":{"start":{"line":87,"column":6},"end":{"line":87,"column":25}},"59":{"start":{"line":90,"column":6},"end":{"line":90,"column":63}},"60":{"start":{"line":94,"column":0},"end":{"line":100,"column":3}},"61":{"start":{"line":95,"column":2},"end":{"line":95,"column":35}},"62":{"start":{"line":96,"column":17},"end":{"line":96,"column":34}},"63":{"start":{"line":97,"column":2},"end":{"line":99,"column":62}},"64":{"start":{"line":98,"column":17},"end":{"line":98,"column":35}},"65":{"start":{"line":99,"column":17},"end":{"line":99,"column":60}},"66":{"start":{"line":108,"column":0},"end":{"line":108,"column":24}}},"fnMap":{"0":{"name":"(anonymous_0)","decl":{"start":{"line":7,"column":31},"end":{"line":7,"column":32}},"loc":{"start":{"line":7,"column":60},"end":{"line":22,"column":1}},"line":7},"1":{"name":"(anonymous_1)","decl":{"start":{"line":19,"column":12},"end":{"line":19,"column":13}},"loc":{"start":{"line":19,"column":22},"end":{"line":19,"column":53}},"line":19},"2":{"name":"(anonymous_2)","decl":{"start":{"line":20,"column":13},"end":{"line":20,"column":14}},"loc":{"start":{"line":20,"column":19},"end":{"line":20,"column":77}},"line":20},"3":{"name":"(anonymous_3)","decl":{"start":{"line":24,"column":19},"end":{"line":24,"column":20}},"loc":{"start":{"line":24,"column":42},"end":{"line":29,"column":1}},"line":24},"4":{"name":"(anonymous_4)","decl":{"start":{"line":27,"column":10},"end":{"line":27,"column":11}},"loc":{"start":{"line":27,"column":20},"end":{"line":27,"column":39}},"line":27},"5":{"name":"(anonymous_5)","decl":{"start":{"line":28,"column":11},"end":{"line":28,"column":12}},"loc":{"start":{"line":28,"column":17},"end":{"line":28,"column":60}},"line":28},"6":{"name":"(anonymous_6)","decl":{"start":{"line":31,"column":26},"end":{"line":31,"column":27}},"loc":{"start":{"line":31,"column":55},"end":{"line":43,"column":1}},"line":31},"7":{"name":"(anonymous_7)","decl":{"start":{"line":41,"column":10},"end":{"line":41,"column":11}},"loc":{"start":{"line":41,"column":21},"end":{"line":41,"column":40}},"line":41},"8":{"name":"(anonymous_8)","decl":{"start":{"line":42,"column":11},"end":{"line":42,"column":12}},"loc":{"start":{"line":42,"column":17},"end":{"line":42,"column":60}},"line":42},"9":{"name":"(anonymous_9)","decl":{"start":{"line":45,"column":35},"end":{"line":45,"column":36}},"loc":{"start":{"line":45,"column":64},"end":{"line":71,"column":1}},"line":45},"10":{"name":"(anonymous_10)","decl":{"start":{"line":62,"column":12},"end":{"line":62,"column":13}},"loc":{"start":{"line":62,"column":21},"end":{"line":64,"column":7}},"line":62},"11":{"name":"(anonymous_11)","decl":{"start":{"line":65,"column":13},"end":{"line":65,"column":14}},"loc":{"start":{"line":65,"column":22},"end":{"line":67,"column":7}},"line":65},"12":{"name":"(anonymous_12)","decl":{"start":{"line":73,"column":35},"end":{"line":73,"column":36}},"loc":{"start":{"line":73,"column":64},"end":{"line":92,"column":1}},"line":73},"13":{"name":"(anonymous_13)","decl":{"start":{"line":86,"column":10},"end":{"line":86,"column":11}},"loc":{"start":{"line":86,"column":19},"end":{"line":88,"column":5}},"line":86},"14":{"name":"(anonymous_14)","decl":{"start":{"line":89,"column":11},"end":{"line":89,"column":12}},"loc":{"start":{"line":89,"column":20},"end":{"line":91,"column":3}},"line":89},"15":{"name":"(anonymous_15)","decl":{"start":{"line":94,"column":30},"end":{"line":94,"column":31}},"loc":{"start":{"line":94,"column":53},"end":{"line":100,"column":1}},"line":94},"16":{"name":"(anonymous_16)","decl":{"start":{"line":98,"column":10},"end":{"line":98,"column":11}},"loc":{"start":{"line":98,"column":17},"end":{"line":98,"column":35}},"line":98},"17":{"name":"(anonymous_17)","decl":{"start":{"line":99,"column":11},"end":{"line":99,"column":12}},"loc":{"start":{"line":99,"column":17},"end":{"line":99,"column":60}},"line":99}},"branchMap":{"0":{"loc":{"start":{"line":14,"column":2},"end":{"line":21,"column":3}},"type":"if","locations":[{"start":{"line":14,"column":2},"end":{"line":21,"column":3}},{"start":{"line":16,"column":9},"end":{"line":21,"column":3}}],"line":14},"1":{"loc":{"start":{"line":52,"column":2},"end":{"line":70,"column":3}},"type":"if","locations":[{"start":{"line":52,"column":2},"end":{"line":70,"column":3}},{"start":{"line":68,"column":9},"end":{"line":70,"column":3}}],"line":52},"2":{"loc":{"start":{"line":57,"column":4},"end":{"line":59,"column":5}},"type":"if","locations":[{"start":{"line":57,"column":4},"end":{"line":59,"column":5}},{"start":{},"end":{}}],"line":57},"3":{"loc":{"start":{"line":81,"column":2},"end":{"line":83,"column":3}},"type":"if","locations":[{"start":{"line":81,"column":2},"end":{"line":83,"column":3}},{"start":{},"end":{}}],"line":81}},"s":{"0":1,"1":1,"2":1,"3":1,"4":1,"5":1,"6":1,"7":1,"8":1,"9":1,"10":0,"11":1,"12":1,"13":1,"14":0,"15":1,"16":2,"17":2,"18":1,"19":1,"20":1,"21":1,"22":1,"23":1,"24":1,"25":1,"26":1,"27":1,"28":1,"29":0,"30":1,"31":1,"32":1,"33":1,"34":1,"35":1,"36":1,"37":0,"38":0,"39":0,"40":0,"41":0,"42":0,"43":0,"44":0,"45":0,"46":0,"47":1,"48":1,"49":1,"50":1,"51":1,"52":1,"53":1,"54":1,"55":1,"56":0,"57":1,"58":1,"59":0,"60":1,"61":1,"62":1,"63":1,"64":1,"65":0,"66":1},"f":{"0":1,"1":1,"2":0,"3":2,"4":1,"5":1,"6":1,"7":1,"8":0,"9":1,"10":0,"11":0,"12":1,"13":1,"14":0,"15":1,"16":1,"17":0},"b":{"0":[0,1],"1":[0,1],"2":[0,0],"3":[0,1]},"_coverageSchema":"1a1c01bbd47fc00a2c39e90264f33305004495a9","hash":"84e80f0dff28e9f258772be5c549b9bc5ddbe08d"}
,"/Users/VizzyKaz/Documents/NodeWS/group-social-app/models/auth.model.js": {"path":"/Users/VizzyKaz/Documents/NodeWS/group-social-app/models/auth.model.js","statementMap":{"0":{"start":{"line":1,"column":17},"end":{"line":1,"column":36}},"1":{"start":{"line":3,"column":15},"end":{"line":3,"column":34}},"2":{"start":{"line":5,"column":19},"end":{"line":5,"column":27}},"3":{"start":{"line":7,"column":19},"end":{"line":14,"column":1}},"4":{"start":{"line":16,"column":0},"end":{"line":26,"column":1}},"5":{"start":{"line":17,"column":17},"end":{"line":17,"column":21}},"6":{"start":{"line":18,"column":21},"end":{"line":18,"column":52}},"7":{"start":{"line":20,"column":2},"end":{"line":25,"column":4}},"8":{"start":{"line":28,"column":13},"end":{"line":28,"column":47}},"9":{"start":{"line":29,"column":0},"end":{"line":29,"column":22}}},"fnMap":{"0":{"name":"(anonymous_0)","decl":{"start":{"line":16,"column":31},"end":{"line":16,"column":32}},"loc":{"start":{"line":16,"column":62},"end":{"line":26,"column":1}},"line":16}},"branchMap":{},"s":{"0":1,"1":1,"2":1,"3":1,"4":1,"5":1,"6":1,"7":1,"8":1,"9":1},"f":{"0":1},"b":{},"_coverageSchema":"1a1c01bbd47fc00a2c39e90264f33305004495a9","hash":"dd8a39eafd7a84cd383bbed37d47f3f2666e540b"}
,"/Users/VizzyKaz/Documents/NodeWS/group-social-app/models/comment.model.js": {"path":"/Users/VizzyKaz/Documents/NodeWS/group-social-app/models/comment.model.js","statementMap":{"0":{"start":{"line":1,"column":17},"end":{"line":1,"column":36}},"1":{"start":{"line":3,"column":19},"end":{"line":3,"column":27}},"2":{"start":{"line":5,"column":22},"end":{"line":11,"column":1}},"3":{"start":{"line":13,"column":16},"end":{"line":13,"column":56}},"4":{"start":{"line":14,"column":0},"end":{"line":14,"column":25}}},"fnMap":{},"branchMap":{},"s":{"0":1,"1":1,"2":1,"3":1,"4":1},"f":{},"b":{},"_coverageSchema":"1a1c01bbd47fc00a2c39e90264f33305004495a9","hash":"8a00dbeeb2e1141758ae214e48b2c34f9aa5792b"}
,"/Users/VizzyKaz/Documents/NodeWS/group-social-app/models/groups.model.js": {"path":"/Users/VizzyKaz/Documents/NodeWS/group-social-app/models/groups.model.js","statementMap":{"0":{"start":{"line":1,"column":17},"end":{"line":1,"column":36}},"1":{"start":{"line":3,"column":19},"end":{"line":3,"column":27}},"2":{"start":{"line":5,"column":20},"end":{"line":18,"column":1}},"3":{"start":{"line":20,"column":15},"end":{"line":20,"column":52}},"4":{"start":{"line":21,"column":0},"end":{"line":21,"column":24}}},"fnMap":{},"branchMap":{},"s":{"0":1,"1":1,"2":1,"3":1,"4":1},"f":{},"b":{},"_coverageSchema":"1a1c01bbd47fc00a2c39e90264f33305004495a9","hash":"bdf733b2a4d41fc34c08d53b9af8d7ff1507b6f3"}
,"/Users/VizzyKaz/Documents/NodeWS/group-social-app/models/post.model.js": {"path":"/Users/VizzyKaz/Documents/NodeWS/group-social-app/models/post.model.js","statementMap":{"0":{"start":{"line":1,"column":17},"end":{"line":1,"column":36}},"1":{"start":{"line":3,"column":19},"end":{"line":3,"column":27}},"2":{"start":{"line":5,"column":19},"end":{"line":21,"column":1}},"3":{"start":{"line":23,"column":14},"end":{"line":23,"column":49}},"4":{"start":{"line":24,"column":0},"end":{"line":24,"column":23}}},"fnMap":{},"branchMap":{},"s":{"0":1,"1":1,"2":1,"3":1,"4":1},"f":{},"b":{},"_coverageSchema":"1a1c01bbd47fc00a2c39e90264f33305004495a9","hash":"5e0f98561894c2b4abb11068b2c109c677343a69"}
,"/Users/VizzyKaz/Documents/NodeWS/group-social-app/models/user.model.js": {"path":"/Users/VizzyKaz/Documents/NodeWS/group-social-app/models/user.model.js","statementMap":{"0":{"start":{"line":1,"column":17},"end":{"line":1,"column":36}},"1":{"start":{"line":3,"column":19},"end":{"line":3,"column":27}},"2":{"start":{"line":5,"column":19},"end":{"line":14,"column":1}},"3":{"start":{"line":16,"column":13},"end":{"line":16,"column":47}},"4":{"start":{"line":17,"column":0},"end":{"line":17,"column":22}}},"fnMap":{},"branchMap":{},"s":{"0":1,"1":1,"2":1,"3":1,"4":1},"f":{},"b":{},"_coverageSchema":"1a1c01bbd47fc00a2c39e90264f33305004495a9","hash":"2d3c090be27e84efee91f3551a79e6a8b25c7c72"}
}
