TN:
SF:server.js
FN:37,(anonymous_0)
FN:56,(anonymous_1)
FN:76,(anonymous_2)
FN:82,(anonymous_3)
FNF:4
FNH:3
FNDA:1,(anonymous_0)
FNDA:1,(anonymous_1)
FNDA:1,(anonymous_2)
FNDA:0,(anonymous_3)
DA:2,1
DA:4,1
DA:6,1
DA:8,1
DA:10,1
DA:12,1
DA:14,1
DA:16,1
DA:18,1
DA:20,1
DA:22,1
DA:24,1
DA:26,1
DA:28,1
DA:31,1
DA:36,1
DA:37,1
DA:38,1
DA:41,1
DA:42,1
DA:48,1
DA:50,1
DA:52,1
DA:55,1
DA:56,1
DA:57,1
DA:62,1
DA:64,1
DA:66,1
DA:68,1
DA:70,1
DA:72,1
DA:76,1
DA:77,1
DA:78,1
DA:82,1
DA:83,0
DA:86,1
LF:38
LH:37
BRDA:55,0,0,1
BRDA:55,0,1,1
BRF:2
BRH:2
end_of_record
TN:
SF:controllers/filterGroups.controller.js
FN:7,(anonymous_0)
FN:9,(anonymous_1)
FN:13,(anonymous_2)
FN:15,(anonymous_3)
FN:19,(anonymous_4)
FN:24,(anonymous_5)
FN:29,(anonymous_6)
FN:37,(anonymous_7)
FN:41,(anonymous_8)
FN:46,(anonymous_9)
FN:51,(anonymous_10)
FN:60,(anonymous_11)
FN:64,(anonymous_12)
FN:67,(anonymous_13)
FN:68,(anonymous_14)
FN:72,(anonymous_15)
FN:74,(anonymous_16)
FN:75,(anonymous_17)
FN:79,(anonymous_18)
FN:81,(anonymous_19)
FN:82,(anonymous_20)
FNF:21
FNH:13
FNDA:1,(anonymous_0)
FNDA:1,(anonymous_1)
FNDA:1,(anonymous_2)
FNDA:1,(anonymous_3)
FNDA:1,(anonymous_4)
FNDA:1,(anonymous_5)
FNDA:1,(anonymous_6)
FNDA:0,(anonymous_7)
FNDA:2,(anonymous_8)
FNDA:1,(anonymous_9)
FNDA:3,(anonymous_10)
FNDA:1,(anonymous_11)
FNDA:1,(anonymous_12)
FNDA:1,(anonymous_13)
FNDA:0,(anonymous_14)
FNDA:0,(anonymous_15)
FNDA:0,(anonymous_16)
FNDA:0,(anonymous_17)
FNDA:0,(anonymous_18)
FNDA:0,(anonymous_19)
FNDA:0,(anonymous_20)
DA:1,1
DA:2,1
DA:3,1
DA:7,1
DA:8,1
DA:9,1
DA:13,1
DA:14,1
DA:15,1
DA:19,1
DA:20,1
DA:21,1
DA:23,1
DA:25,1
DA:26,1
DA:27,1
DA:28,1
DA:30,1
DA:31,1
DA:32,1
DA:37,0
DA:41,1
DA:42,2
DA:43,2
DA:45,2
DA:47,1
DA:48,1
DA:49,1
DA:50,3
DA:52,3
DA:53,3
DA:54,3
DA:55,1
DA:60,1
DA:64,1
DA:65,1
DA:66,1
DA:67,1
DA:68,0
DA:72,1
DA:73,0
DA:74,0
DA:75,0
DA:79,1
DA:80,0
DA:81,0
DA:82,0
DA:85,1
LF:48
LH:40
BRDA:31,0,0,1
BRDA:31,0,1,0
BRDA:54,1,0,1
BRDA:54,1,1,2
BRF:4
BRH:3
end_of_record
TN:
SF:controllers/filterPosts.controller.js
FN:7,(anonymous_0)
FN:11,(anonymous_1)
FN:15,(anonymous_2)
FN:21,(anonymous_3)
FN:24,(anonymous_4)
FN:28,(anonymous_5)
FN:32,(anonymous_6)
FN:37,(anonymous_7)
FN:44,(anonymous_8)
FN:47,(anonymous_9)
FN:52,(anonymous_10)
FN:55,(anonymous_11)
FN:56,(anonymous_12)
FNF:13
FNH:10
FNDA:2,(anonymous_0)
FNDA:1,(anonymous_1)
FNDA:40,(anonymous_2)
FNDA:0,(anonymous_3)
FNDA:1,(anonymous_4)
FNDA:2,(anonymous_5)
FNDA:2,(anonymous_6)
FNDA:40,(anonymous_7)
FNDA:0,(anonymous_8)
FNDA:1,(anonymous_9)
FNDA:1,(anonymous_10)
FNDA:1,(anonymous_11)
FNDA:0,(anonymous_12)
DA:1,1
DA:2,1
DA:3,1
DA:7,1
DA:8,2
DA:9,2
DA:10,2
DA:12,1
DA:13,1
DA:14,40
DA:16,40
DA:17,40
DA:18,1
DA:21,0
DA:24,1
DA:28,1
DA:29,2
DA:30,2
DA:31,2
DA:33,2
DA:34,1
DA:35,1
DA:36,40
DA:38,40
DA:39,40
DA:40,40
DA:41,1
DA:44,0
DA:47,1
DA:52,1
DA:53,1
DA:54,1
DA:55,1
DA:56,0
DA:60,1
LF:35
LH:32
BRDA:17,0,0,1
BRDA:17,0,1,39
BRDA:40,1,0,1
BRDA:40,1,1,39
BRF:4
BRH:4
end_of_record
TN:
SF:controllers/group.controller.js
FN:7,(anonymous_0)
FN:38,(anonymous_1)
FN:44,(anonymous_2)
FN:342,(anonymous_3)
FN:345,(anonymous_4)
FN:346,(anonymous_5)
FN:351,(anonymous_6)
FN:355,(anonymous_7)
FN:356,(anonymous_8)
FNF:9
FNH:6
FNDA:1,(anonymous_0)
FNDA:1,(anonymous_1)
FNDA:0,(anonymous_2)
FNDA:1,(anonymous_3)
FNDA:1,(anonymous_4)
FNDA:0,(anonymous_5)
FNDA:1,(anonymous_6)
FNDA:1,(anonymous_7)
FNDA:0,(anonymous_8)
DA:1,1
DA:2,1
DA:3,1
DA:7,1
DA:8,1
DA:9,1
DA:10,1
DA:11,1
DA:13,1
DA:15,1
DA:17,1
DA:19,1
DA:20,0
DA:22,1
DA:35,1
DA:37,1
DA:39,1
DA:40,1
DA:41,1
DA:42,1
DA:44,0
DA:342,1
DA:343,1
DA:344,1
DA:345,1
DA:346,0
DA:351,1
DA:352,1
DA:353,1
DA:354,1
DA:355,1
DA:356,0
DA:361,1
LF:33
LH:29
BRDA:19,0,0,0
BRDA:19,0,1,1
BRF:2
BRH:1
end_of_record
TN:
SF:controllers/post.controller.js
FN:8,(anonymous_0)
FN:38,(anonymous_1)
FN:46,(anonymous_2)
FN:50,(anonymous_3)
FN:54,(anonymous_4)
FN:55,(anonymous_5)
FN:60,(anonymous_6)
FN:95,(anonymous_7)
FN:100,(anonymous_8)
FN:101,(anonymous_9)
FN:105,(anonymous_10)
FN:109,(anonymous_11)
FN:110,(anonymous_12)
FN:115,(anonymous_13)
FN:127,(anonymous_14)
FN:130,(anonymous_15)
FN:135,(anonymous_16)
FN:150,(anonymous_17)
FN:158,(anonymous_18)
FN:161,(anonymous_19)
FN:162,(anonymous_20)
FNF:21
FNH:16
FNDA:1,(anonymous_0)
FNDA:1,(anonymous_1)
FNDA:0,(anonymous_2)
FNDA:2,(anonymous_3)
FNDA:1,(anonymous_4)
FNDA:1,(anonymous_5)
FNDA:1,(anonymous_6)
FNDA:2,(anonymous_7)
FNDA:1,(anonymous_8)
FNDA:1,(anonymous_9)
FNDA:1,(anonymous_10)
FNDA:1,(anonymous_11)
FNDA:0,(anonymous_12)
FNDA:2,(anonymous_13)
FNDA:1,(anonymous_14)
FNDA:1,(anonymous_15)
FNDA:1,(anonymous_16)
FNDA:1,(anonymous_17)
FNDA:0,(anonymous_18)
FNDA:0,(anonymous_19)
FNDA:0,(anonymous_20)
DA:1,1
DA:2,1
DA:3,1
DA:4,1
DA:8,1
DA:9,1
DA:10,1
DA:11,1
DA:12,1
DA:13,1
DA:14,1
DA:15,1
DA:16,1
DA:17,1
DA:18,1
DA:19,1
DA:20,1
DA:22,1
DA:36,1
DA:37,1
DA:39,1
DA:40,1
DA:41,1
DA:42,1
DA:43,1
DA:46,0
DA:50,1
DA:51,2
DA:52,2
DA:53,2
DA:54,1
DA:55,1
DA:60,1
DA:61,1
DA:62,1
DA:63,1
DA:65,1
DA:66,1
DA:67,1
DA:68,1
DA:69,1
DA:70,1
DA:95,1
DA:96,2
DA:97,2
DA:98,2
DA:99,2
DA:100,1
DA:101,1
DA:105,1
DA:106,1
DA:107,1
DA:108,1
DA:109,1
DA:110,0
DA:115,1
DA:116,2
DA:117,2
DA:118,2
DA:119,2
DA:120,2
DA:125,2
DA:126,2
DA:128,1
DA:130,1
DA:135,1
DA:136,1
DA:137,1
DA:138,1
DA:139,1
DA:142,1
DA:143,1
DA:144,1
DA:150,1
DA:151,1
DA:152,1
DA:153,1
DA:154,1
DA:158,1
DA:159,0
DA:160,0
DA:161,0
DA:162,0
DA:166,1
LF:84
LH:78
BRF:0
BRH:0
end_of_record
TN:
SF:controllers/user.controller.js
FN:7,(anonymous_0)
FN:19,(anonymous_1)
FN:20,(anonymous_2)
FN:24,(anonymous_3)
FN:27,(anonymous_4)
FN:28,(anonymous_5)
FN:31,(anonymous_6)
FN:41,(anonymous_7)
FN:42,(anonymous_8)
FN:45,(anonymous_9)
FN:62,(anonymous_10)
FN:65,(anonymous_11)
FN:73,(anonymous_12)
FN:86,(anonymous_13)
FN:89,(anonymous_14)
FN:94,(anonymous_15)
FN:98,(anonymous_16)
FN:99,(anonymous_17)
FNF:18
FNH:12
FNDA:1,(anonymous_0)
FNDA:1,(anonymous_1)
FNDA:0,(anonymous_2)
FNDA:2,(anonymous_3)
FNDA:1,(anonymous_4)
FNDA:1,(anonymous_5)
FNDA:1,(anonymous_6)
FNDA:1,(anonymous_7)
FNDA:0,(anonymous_8)
FNDA:1,(anonymous_9)
FNDA:0,(anonymous_10)
FNDA:0,(anonymous_11)
FNDA:1,(anonymous_12)
FNDA:1,(anonymous_13)
FNDA:0,(anonymous_14)
FNDA:1,(anonymous_15)
FNDA:1,(anonymous_16)
FNDA:0,(anonymous_17)
DA:1,1
DA:2,1
DA:3,1
DA:4,1
DA:7,1
DA:8,1
DA:9,1
DA:10,1
DA:12,1
DA:14,1
DA:15,0
DA:17,1
DA:18,1
DA:19,1
DA:20,0
DA:24,1
DA:25,2
DA:26,2
DA:27,1
DA:28,1
DA:31,1
DA:32,1
DA:34,1
DA:35,1
DA:36,1
DA:37,1
DA:38,1
DA:40,1
DA:41,1
DA:42,0
DA:45,1
DA:46,1
DA:47,1
DA:48,1
DA:49,1
DA:51,1
DA:52,1
DA:53,0
DA:54,0
DA:55,0
DA:56,0
DA:57,0
DA:58,0
DA:60,0
DA:61,0
DA:63,0
DA:66,0
DA:69,1
DA:73,1
DA:74,1
DA:75,1
DA:76,1
DA:78,1
DA:79,1
DA:80,1
DA:81,1
DA:82,0
DA:85,1
DA:87,1
DA:90,0
DA:94,1
DA:95,1
DA:96,1
DA:97,1
DA:98,1
DA:99,0
DA:108,1
LF:67
LH:51
BRDA:14,0,0,0
BRDA:14,0,1,1
BRDA:52,1,0,0
BRDA:52,1,1,1
BRDA:57,2,0,0
BRDA:57,2,1,0
BRDA:81,3,0,0
BRDA:81,3,1,1
BRF:8
BRH:3
end_of_record
TN:
SF:models/auth.model.js
FN:16,(anonymous_0)
FNF:1
FNH:1
FNDA:1,(anonymous_0)
DA:1,1
DA:3,1
DA:5,1
DA:7,1
DA:16,1
DA:17,1
DA:18,1
DA:20,1
DA:28,1
DA:29,1
LF:10
LH:10
BRF:0
BRH:0
end_of_record
TN:
SF:models/comment.model.js
FNF:0
FNH:0
DA:1,1
DA:3,1
DA:5,1
DA:13,1
DA:14,1
LF:5
LH:5
BRF:0
BRH:0
end_of_record
TN:
SF:models/groups.model.js
FNF:0
FNH:0
DA:1,1
DA:3,1
DA:5,1
DA:20,1
DA:21,1
LF:5
LH:5
BRF:0
BRH:0
end_of_record
TN:
SF:models/post.model.js
FNF:0
FNH:0
DA:1,1
DA:3,1
DA:5,1
DA:23,1
DA:24,1
LF:5
LH:5
BRF:0
BRH:0
end_of_record
TN:
SF:models/user.model.js
FNF:0
FNH:0
DA:1,1
DA:3,1
DA:5,1
DA:16,1
DA:17,1
LF:5
LH:5
BRF:0
BRH:0
end_of_record
